<?xml version="1.0" encoding="UTF-8"?>
<!-- Generated by org.testng.reporters.JUnitReportReporter -->
<testsuite hostname="DESKTOP-O6DBGU6" name="com.khasim.AppTest" tests="3" failures="0" timestamp="9 Dec 2016 18:29:50 GMT" time="0.015" errors="0">
  <testcase name="loginTest" time="0.013" classname="com.khasim.AppTest"/>
  <testcase name="registrationTest" time="0.001" classname="com.khasim.AppTest"/>
  <testcase name="logoutTests" time="0.001" classname="com.khasim.AppTest"/>
</testsuite> <!-- com.khasim.AppTest -->
